<?xml version="1.0" encoding="UTF-8"?>
<testng-results ignored="0" total="1" passed="1" failed="0" skipped="0">
  <reporter-output>
  </reporter-output>
  <suite started-at="2022-08-11T19:40:16 IST" name="Default suite" finished-at="2022-08-11T19:40:16 IST" duration-ms="30">
    <groups>
    </groups>
    <test started-at="2022-08-11T19:40:16 IST" name="Default test" finished-at="2022-08-11T19:40:16 IST" duration-ms="30">
      <class name="Practice.RunTimeParameterFromEclipse">
        <test-method signature="getData()[pri:0, instance:Practice.RunTimeParameterFromEclipse@16610890]" started-at="2022-08-11T19:40:16 IST" name="getData" finished-at="2022-08-11T19:40:16 IST" duration-ms="6" status="PASS">
          <reporter-output>
          </reporter-output>
        </test-method> <!-- getData -->
      </class> <!-- Practice.RunTimeParameterFromEclipse -->
    </test> <!-- Default test -->
  </suite> <!-- Default suite -->
</testng-results>
